<?xml version="1.0" encoding="UTF-8"?>
<!-- Generated by org.testng.reporters.JUnitReportReporter -->
<testsuite skipped="0" hostname="DESKTOP-N35UD1K" name="com.fullstack.batch3.APITest" tests="2" failures="0" timestamp="19 Sep 2020 07:06:29 GMT" time="6.937" errors="0">
  <testcase name="testLoginAPI" time="4.426" classname="com.fullstack.batch3.APITest"/>
  <testcase name="testDashboardAPI" time="2.511" classname="com.fullstack.batch3.APITest"/>
</testsuite> <!-- com.fullstack.batch3.APITest -->
