<?xml version="1.0" encoding="UTF-8"?>
<!-- Generated by org.testng.reporters.JUnitReportReporter -->
<testsuite skipped="0" hostname="DESKTOP-N35UD1K" name="com.fullstack.batch3.AppTest" tests="5" failures="0" timestamp="19 Sep 2020 11:57:40 GMT" time="98.004" errors="0">
  <testcase name="testJSScript" time="10.741" classname="com.fullstack.batch3.AppTest"/>
  <testcase name="testNavigation" time="41.090" classname="com.fullstack.batch3.AppTest"/>
  <testcase name="testSwitches" time="16.660" classname="com.fullstack.batch3.AppTest"/>
  <testcase name="verifyTitle" time="12.716" classname="com.fullstack.batch3.AppTest"/>
  <testcase name="loginWithCorrectCredentials" time="16.797" classname="com.fullstack.batch3.AppTest"/>
</testsuite> <!-- com.fullstack.batch3.AppTest -->
